{"/Users/luiz/Documents/applications/estudos/gostack/gobarber/mobile/appgobarber/src/components/Button/index.tsx": {"path":"/Users/luiz/Documents/applications/estudos/gostack/gobarber/mobile/appgobarber/src/components/Button/index.tsx","statementMap":{"0":{"start":{"line":10,"column":38},"end":{"line":14,"column":1}},"1":{"start":{"line":11,"column":2},"end":{"line":13,"column":14}}},"fnMap":{"0":{"name":"(anonymous_0)","decl":{"start":{"line":10,"column":38},"end":{"line":10,"column":39}},"loc":{"start":{"line":11,"column":2},"end":{"line":13,"column":14}},"line":11}},"branchMap":{},"s":{"0":1,"1":1},"f":{"0":1},"b":{},"_coverageSchema":"1a1c01bbd47fc00a2c39e90264f33305004495a9","hash":"ea8d37c9052e3f144498da03b7f036663811b491"}
,"/Users/luiz/Documents/applications/estudos/gostack/gobarber/mobile/appgobarber/src/components/Input/index.tsx": {"path":"/Users/luiz/Documents/applications/estudos/gostack/gobarber/mobile/appgobarber/src/components/Input/index.tsx","statementMap":{"0":{"start":{"line":28,"column":68},"end":{"line":95,"column":1}},"1":{"start":{"line":32,"column":26},"end":{"line":32,"column":43}},"2":{"start":{"line":34,"column":65},"end":{"line":34,"column":79}},"3":{"start":{"line":35,"column":24},"end":{"line":35,"column":76}},"4":{"start":{"line":37,"column":36},"end":{"line":37,"column":51}},"5":{"start":{"line":38,"column":34},"end":{"line":38,"column":49}},"6":{"start":{"line":40,"column":27},"end":{"line":42,"column":8}},"7":{"start":{"line":41,"column":4},"end":{"line":41,"column":23}},"8":{"start":{"line":44,"column":26},"end":{"line":48,"column":8}},"9":{"start":{"line":45,"column":4},"end":{"line":45,"column":24}},"10":{"start":{"line":47,"column":4},"end":{"line":47,"column":47}},"11":{"start":{"line":50,"column":2},"end":{"line":54,"column":6}},"12":{"start":{"line":50,"column":34},"end":{"line":54,"column":3}},"13":{"start":{"line":52,"column":6},"end":{"line":52,"column":38}},"14":{"start":{"line":56,"column":2},"end":{"line":62,"column":33}},"15":{"start":{"line":57,"column":4},"end":{"line":61,"column":7}},"16":{"start":{"line":64,"column":2},"end":{"line":94,"column":4}},"17":{"start":{"line":85,"column":12},"end":{"line":85,"column":48}}},"fnMap":{"0":{"name":"(anonymous_0)","decl":{"start":{"line":28,"column":68},"end":{"line":28,"column":69}},"loc":{"start":{"line":31,"column":5},"end":{"line":95,"column":1}},"line":31},"1":{"name":"(anonymous_1)","decl":{"start":{"line":40,"column":39},"end":{"line":40,"column":40}},"loc":{"start":{"line":40,"column":45},"end":{"line":42,"column":3}},"line":40},"2":{"name":"(anonymous_2)","decl":{"start":{"line":44,"column":38},"end":{"line":44,"column":39}},"loc":{"start":{"line":44,"column":44},"end":{"line":48,"column":3}},"line":44},"3":{"name":"(anonymous_3)","decl":{"start":{"line":50,"column":27},"end":{"line":50,"column":28}},"loc":{"start":{"line":50,"column":34},"end":{"line":54,"column":3}},"line":50},"4":{"name":"(anonymous_4)","decl":{"start":{"line":51,"column":4},"end":{"line":51,"column":5}},"loc":{"start":{"line":51,"column":12},"end":{"line":53,"column":5}},"line":51},"5":{"name":"(anonymous_5)","decl":{"start":{"line":56,"column":12},"end":{"line":56,"column":13}},"loc":{"start":{"line":56,"column":18},"end":{"line":62,"column":3}},"line":56},"6":{"name":"(anonymous_6)","decl":{"start":{"line":84,"column":24},"end":{"line":84,"column":25}},"loc":{"start":{"line":84,"column":33},"end":{"line":86,"column":11}},"line":84}},"branchMap":{"0":{"loc":{"start":{"line":29,"column":16},"end":{"line":29,"column":35}},"type":"default-arg","locations":[{"start":{"line":29,"column":33},"end":{"line":29,"column":35}}],"line":29},"1":{"loc":{"start":{"line":34,"column":25},"end":{"line":34,"column":42}},"type":"default-arg","locations":[{"start":{"line":34,"column":40},"end":{"line":34,"column":42}}],"line":34},"2":{"loc":{"start":{"line":74,"column":17},"end":{"line":74,"column":62}},"type":"cond-expr","locations":[{"start":{"line":74,"column":41},"end":{"line":74,"column":50}},{"start":{"line":74,"column":53},"end":{"line":74,"column":62}}],"line":74},"3":{"loc":{"start":{"line":74,"column":17},"end":{"line":74,"column":38}},"type":"binary-expr","locations":[{"start":{"line":74,"column":17},"end":{"line":74,"column":26}},{"start":{"line":74,"column":30},"end":{"line":74,"column":38}}],"line":74},"4":{"loc":{"start":{"line":90,"column":9},"end":{"line":90,"column":69}},"type":"binary-expr","locations":[{"start":{"line":90,"column":9},"end":{"line":90,"column":14}},{"start":{"line":90,"column":18},"end":{"line":90,"column":69}}],"line":90},"5":{"loc":{"start":{"line":92,"column":7},"end":{"line":92,"column":46}},"type":"binary-expr","locations":[{"start":{"line":92,"column":7},"end":{"line":92,"column":12}},{"start":{"line":92,"column":16},"end":{"line":92,"column":46}}],"line":92}},"s":{"0":1,"1":2,"2":2,"3":2,"4":2,"5":2,"6":2,"7":0,"8":2,"9":0,"10":0,"11":2,"12":1,"13":0,"14":2,"15":2,"16":2,"17":0},"f":{"0":2,"1":0,"2":0,"3":1,"4":0,"5":2,"6":0},"b":{"0":[2],"1":[2],"2":[0,2],"3":[2,2],"4":[2,0],"5":[2,0]},"_coverageSchema":"1a1c01bbd47fc00a2c39e90264f33305004495a9","hash":"51bf8a37f12ad07858a20f232d4a6cdc3d5dcb14"}
,"/Users/luiz/Documents/applications/estudos/gostack/gobarber/mobile/appgobarber/src/hooks/auth.tsx": {"path":"/Users/luiz/Documents/applications/estudos/gostack/gobarber/mobile/appgobarber/src/hooks/auth.tsx","statementMap":{"0":{"start":{"line":36,"column":20},"end":{"line":36,"column":73}},"1":{"start":{"line":38,"column":31},"end":{"line":108,"column":1}},"2":{"start":{"line":39,"column":26},"end":{"line":39,"column":62}},"3":{"start":{"line":40,"column":32},"end":{"line":40,"column":46}},"4":{"start":{"line":42,"column":2},"end":{"line":59,"column":9}},"5":{"start":{"line":44,"column":28},"end":{"line":47,"column":8}},"6":{"start":{"line":49,"column":6},"end":{"line":53,"column":7}},"7":{"start":{"line":50,"column":8},"end":{"line":50,"column":66}},"8":{"start":{"line":52,"column":8},"end":{"line":52,"column":64}},"9":{"start":{"line":55,"column":6},"end":{"line":55,"column":24}},"10":{"start":{"line":58,"column":4},"end":{"line":58,"column":23}},"11":{"start":{"line":62,"column":17},"end":{"line":78,"column":8}},"12":{"start":{"line":63,"column":21},"end":{"line":66,"column":6}},"13":{"start":{"line":68,"column":28},"end":{"line":68,"column":41}},"14":{"start":{"line":70,"column":4},"end":{"line":73,"column":7}},"15":{"start":{"line":75,"column":4},"end":{"line":75,"column":59}},"16":{"start":{"line":77,"column":4},"end":{"line":77,"column":29}},"17":{"start":{"line":81,"column":18},"end":{"line":85,"column":8}},"18":{"start":{"line":82,"column":4},"end":{"line":82,"column":74}},"19":{"start":{"line":84,"column":4},"end":{"line":84,"column":29}},"20":{"start":{"line":88,"column":21},"end":{"line":98,"column":3}},"21":{"start":{"line":90,"column":6},"end":{"line":90,"column":73}},"22":{"start":{"line":92,"column":6},"end":{"line":95,"column":9}},"23":{"start":{"line":101,"column":2},"end":{"line":107,"column":4}},"24":{"start":{"line":111,"column":18},"end":{"line":111,"column":41}},"25":{"start":{"line":113,"column":2},"end":{"line":115,"column":3}},"26":{"start":{"line":114,"column":4},"end":{"line":114,"column":67}},"27":{"start":{"line":117,"column":2},"end":{"line":117,"column":17}}},"fnMap":{"0":{"name":"(anonymous_0)","decl":{"start":{"line":38,"column":31},"end":{"line":38,"column":32}},"loc":{"start":{"line":38,"column":49},"end":{"line":108,"column":1}},"line":38},"1":{"name":"(anonymous_1)","decl":{"start":{"line":42,"column":12},"end":{"line":42,"column":13}},"loc":{"start":{"line":42,"column":18},"end":{"line":59,"column":3}},"line":42},"2":{"name":"loadStoragedData","decl":{"start":{"line":43,"column":19},"end":{"line":43,"column":35}},"loc":{"start":{"line":43,"column":53},"end":{"line":56,"column":5}},"line":43},"3":{"name":"(anonymous_3)","decl":{"start":{"line":62,"column":29},"end":{"line":62,"column":30}},"loc":{"start":{"line":62,"column":60},"end":{"line":78,"column":3}},"line":62},"4":{"name":"(anonymous_4)","decl":{"start":{"line":81,"column":30},"end":{"line":81,"column":31}},"loc":{"start":{"line":81,"column":42},"end":{"line":85,"column":3}},"line":81},"5":{"name":"(anonymous_5)","decl":{"start":{"line":89,"column":4},"end":{"line":89,"column":5}},"loc":{"start":{"line":89,"column":26},"end":{"line":96,"column":5}},"line":89},"6":{"name":"useAuth","decl":{"start":{"line":110,"column":9},"end":{"line":110,"column":16}},"loc":{"start":{"line":110,"column":36},"end":{"line":118,"column":1}},"line":110}},"branchMap":{"0":{"loc":{"start":{"line":49,"column":6},"end":{"line":53,"column":7}},"type":"if","locations":[{"start":{"line":49,"column":6},"end":{"line":53,"column":7}},{"start":{"line":49,"column":6},"end":{"line":53,"column":7}}],"line":49},"1":{"loc":{"start":{"line":49,"column":10},"end":{"line":49,"column":29}},"type":"binary-expr","locations":[{"start":{"line":49,"column":10},"end":{"line":49,"column":18}},{"start":{"line":49,"column":22},"end":{"line":49,"column":29}}],"line":49},"2":{"loc":{"start":{"line":113,"column":2},"end":{"line":115,"column":3}},"type":"if","locations":[{"start":{"line":113,"column":2},"end":{"line":115,"column":3}},{"start":{"line":113,"column":2},"end":{"line":115,"column":3}}],"line":113}},"s":{"0":1,"1":1,"2":0,"3":0,"4":0,"5":0,"6":0,"7":0,"8":0,"9":0,"10":0,"11":0,"12":0,"13":0,"14":0,"15":0,"16":0,"17":0,"18":0,"19":0,"20":0,"21":0,"22":0,"23":0,"24":1,"25":1,"26":0,"27":1},"f":{"0":0,"1":0,"2":0,"3":0,"4":0,"5":0,"6":1},"b":{"0":[0,0],"1":[0,0],"2":[0,1]},"_coverageSchema":"1a1c01bbd47fc00a2c39e90264f33305004495a9","hash":"071fcb0d105772ca90cbce8e2ed7900f0f8e1005"}
,"/Users/luiz/Documents/applications/estudos/gostack/gobarber/mobile/appgobarber/src/pages/AppointmentCreated/index.tsx": {"path":"/Users/luiz/Documents/applications/estudos/gostack/gobarber/mobile/appgobarber/src/pages/AppointmentCreated/index.tsx","statementMap":{"0":{"start":{"line":20,"column":37},"end":{"line":80,"column":1}},"1":{"start":{"line":21,"column":20},"end":{"line":21,"column":35}},"2":{"start":{"line":22,"column":21},"end":{"line":22,"column":31}},"3":{"start":{"line":24,"column":22},"end":{"line":24,"column":43}},"4":{"start":{"line":26,"column":26},"end":{"line":31,"column":13}},"5":{"start":{"line":27,"column":4},"end":{"line":30,"column":7}},"6":{"start":{"line":33,"column":24},"end":{"line":65,"column":46}},"7":{"start":{"line":34,"column":18},"end":{"line":34,"column":68}},"8":{"start":{"line":36,"column":4},"end":{"line":58,"column":5}},"9":{"start":{"line":38,"column":8},"end":{"line":38,"column":34}},"10":{"start":{"line":39,"column":8},"end":{"line":39,"column":14}},"11":{"start":{"line":41,"column":8},"end":{"line":41,"column":32}},"12":{"start":{"line":42,"column":8},"end":{"line":42,"column":14}},"13":{"start":{"line":44,"column":8},"end":{"line":44,"column":33}},"14":{"start":{"line":45,"column":8},"end":{"line":45,"column":14}},"15":{"start":{"line":47,"column":8},"end":{"line":47,"column":33}},"16":{"start":{"line":48,"column":8},"end":{"line":48,"column":14}},"17":{"start":{"line":50,"column":8},"end":{"line":50,"column":32}},"18":{"start":{"line":51,"column":8},"end":{"line":51,"column":14}},"19":{"start":{"line":53,"column":8},"end":{"line":53,"column":27}},"20":{"start":{"line":54,"column":8},"end":{"line":54,"column":14}},"21":{"start":{"line":56,"column":8},"end":{"line":56,"column":28}},"22":{"start":{"line":57,"column":8},"end":{"line":57,"column":14}},"23":{"start":{"line":60,"column":4},"end":{"line":64,"column":6}},"24":{"start":{"line":67,"column":2},"end":{"line":79,"column":4}}},"fnMap":{"0":{"name":"(anonymous_0)","decl":{"start":{"line":20,"column":37},"end":{"line":20,"column":38}},"loc":{"start":{"line":20,"column":43},"end":{"line":80,"column":1}},"line":20},"1":{"name":"(anonymous_1)","decl":{"start":{"line":26,"column":38},"end":{"line":26,"column":39}},"loc":{"start":{"line":26,"column":44},"end":{"line":31,"column":3}},"line":26},"2":{"name":"(anonymous_2)","decl":{"start":{"line":33,"column":32},"end":{"line":33,"column":33}},"loc":{"start":{"line":33,"column":38},"end":{"line":65,"column":3}},"line":33}},"branchMap":{"0":{"loc":{"start":{"line":36,"column":4},"end":{"line":58,"column":5}},"type":"switch","locations":[{"start":{"line":37,"column":6},"end":{"line":39,"column":14}},{"start":{"line":40,"column":6},"end":{"line":42,"column":14}},{"start":{"line":43,"column":6},"end":{"line":45,"column":14}},{"start":{"line":46,"column":6},"end":{"line":48,"column":14}},{"start":{"line":49,"column":6},"end":{"line":51,"column":14}},{"start":{"line":52,"column":6},"end":{"line":54,"column":14}},{"start":{"line":55,"column":6},"end":{"line":57,"column":14}}],"line":36}},"s":{"0":0,"1":0,"2":0,"3":0,"4":0,"5":0,"6":0,"7":0,"8":0,"9":0,"10":0,"11":0,"12":0,"13":0,"14":0,"15":0,"16":0,"17":0,"18":0,"19":0,"20":0,"21":0,"22":0,"23":0,"24":0},"f":{"0":0,"1":0,"2":0},"b":{"0":[0,0,0,0,0,0,0]}}
,"/Users/luiz/Documents/applications/estudos/gostack/gobarber/mobile/appgobarber/src/pages/CreateAppointment/index.tsx": {"path":"/Users/luiz/Documents/applications/estudos/gostack/gobarber/mobile/appgobarber/src/pages/CreateAppointment/index.tsx","statementMap":{"0":{"start":{"line":51,"column":36},"end":{"line":286,"column":1}},"1":{"start":{"line":52,"column":19},"end":{"line":52,"column":28}},"2":{"start":{"line":53,"column":16},"end":{"line":53,"column":26}},"3":{"start":{"line":54,"column":31},"end":{"line":54,"column":46}},"4":{"start":{"line":55,"column":22},"end":{"line":55,"column":49}},"5":{"start":{"line":57,"column":42},"end":{"line":57,"column":74}},"6":{"start":{"line":58,"column":46},"end":{"line":58,"column":61}},"7":{"start":{"line":59,"column":42},"end":{"line":59,"column":62}},"8":{"start":{"line":60,"column":42},"end":{"line":60,"column":53}},"9":{"start":{"line":61,"column":36},"end":{"line":61,"column":60}},"10":{"start":{"line":62,"column":50},"end":{"line":64,"column":3}},"11":{"start":{"line":66,"column":2},"end":{"line":70,"column":9}},"12":{"start":{"line":67,"column":4},"end":{"line":69,"column":7}},"13":{"start":{"line":68,"column":6},"end":{"line":68,"column":34}},"14":{"start":{"line":72,"column":2},"end":{"line":84,"column":39}},"15":{"start":{"line":73,"column":4},"end":{"line":83,"column":9}},"16":{"start":{"line":82,"column":8},"end":{"line":82,"column":39}},"17":{"start":{"line":86,"column":23},"end":{"line":88,"column":14}},"18":{"start":{"line":87,"column":4},"end":{"line":87,"column":13}},"19":{"start":{"line":90,"column":31},"end":{"line":92,"column":8}},"20":{"start":{"line":91,"column":4},"end":{"line":91,"column":36}},"21":{"start":{"line":94,"column":33},"end":{"line":96,"column":8}},"22":{"start":{"line":95,"column":4},"end":{"line":95,"column":39}},"23":{"start":{"line":95,"column":31},"end":{"line":95,"column":37}},"24":{"start":{"line":98,"column":28},"end":{"line":109,"column":3}},"25":{"start":{"line":100,"column":6},"end":{"line":102,"column":7}},"26":{"start":{"line":101,"column":8},"end":{"line":101,"column":33}},"27":{"start":{"line":104,"column":6},"end":{"line":106,"column":7}},"28":{"start":{"line":105,"column":8},"end":{"line":105,"column":30}},"29":{"start":{"line":111,"column":30},"end":{"line":121,"column":20}},"30":{"start":{"line":112,"column":4},"end":{"line":120,"column":9}},"31":{"start":{"line":113,"column":28},"end":{"line":113,"column":37}},"32":{"start":{"line":115,"column":8},"end":{"line":119,"column":10}},"33":{"start":{"line":123,"column":32},"end":{"line":133,"column":20}},"34":{"start":{"line":124,"column":4},"end":{"line":132,"column":9}},"35":{"start":{"line":125,"column":28},"end":{"line":125,"column":38}},"36":{"start":{"line":127,"column":8},"end":{"line":131,"column":10}},"37":{"start":{"line":135,"column":27},"end":{"line":137,"column":8}},"38":{"start":{"line":136,"column":4},"end":{"line":136,"column":26}},"39":{"start":{"line":139,"column":34},"end":{"line":165,"column":62}},"40":{"start":{"line":140,"column":4},"end":{"line":164,"column":5}},"41":{"start":{"line":141,"column":19},"end":{"line":141,"column":41}},"42":{"start":{"line":143,"column":6},"end":{"line":143,"column":34}},"43":{"start":{"line":144,"column":6},"end":{"line":144,"column":25}},"44":{"start":{"line":146,"column":6},"end":{"line":149,"column":9}},"45":{"start":{"line":151,"column":27},"end":{"line":153,"column":7}},"46":{"start":{"line":152,"column":20},"end":{"line":152,"column":52}},"47":{"start":{"line":155,"column":6},"end":{"line":158,"column":9}},"48":{"start":{"line":160,"column":6},"end":{"line":163,"column":8}},"49":{"start":{"line":167,"column":2},"end":{"line":285,"column":4}},"50":{"start":{"line":185,"column":38},"end":{"line":185,"column":49}},"51":{"start":{"line":187,"column":14},"end":{"line":195,"column":34}},"52":{"start":{"line":188,"column":31},"end":{"line":188,"column":64}},"53":{"start":{"line":236,"column":16},"end":{"line":249,"column":23}},"54":{"start":{"line":241,"column":33},"end":{"line":241,"column":55}},"55":{"start":{"line":260,"column":18},"end":{"line":273,"column":25}},"56":{"start":{"line":265,"column":35},"end":{"line":265,"column":57}}},"fnMap":{"0":{"name":"(anonymous_0)","decl":{"start":{"line":51,"column":36},"end":{"line":51,"column":37}},"loc":{"start":{"line":51,"column":42},"end":{"line":286,"column":1}},"line":51},"1":{"name":"(anonymous_1)","decl":{"start":{"line":66,"column":12},"end":{"line":66,"column":13}},"loc":{"start":{"line":66,"column":18},"end":{"line":70,"column":3}},"line":66},"2":{"name":"(anonymous_2)","decl":{"start":{"line":67,"column":30},"end":{"line":67,"column":31}},"loc":{"start":{"line":67,"column":42},"end":{"line":69,"column":5}},"line":67},"3":{"name":"(anonymous_3)","decl":{"start":{"line":72,"column":12},"end":{"line":72,"column":13}},"loc":{"start":{"line":72,"column":18},"end":{"line":84,"column":3}},"line":72},"4":{"name":"(anonymous_4)","decl":{"start":{"line":81,"column":12},"end":{"line":81,"column":13}},"loc":{"start":{"line":81,"column":24},"end":{"line":83,"column":7}},"line":81},"5":{"name":"(anonymous_5)","decl":{"start":{"line":86,"column":35},"end":{"line":86,"column":36}},"loc":{"start":{"line":86,"column":41},"end":{"line":88,"column":3}},"line":86},"6":{"name":"(anonymous_6)","decl":{"start":{"line":90,"column":43},"end":{"line":90,"column":44}},"loc":{"start":{"line":90,"column":67},"end":{"line":92,"column":3}},"line":90},"7":{"name":"(anonymous_7)","decl":{"start":{"line":94,"column":45},"end":{"line":94,"column":46}},"loc":{"start":{"line":94,"column":51},"end":{"line":96,"column":3}},"line":94},"8":{"name":"(anonymous_8)","decl":{"start":{"line":95,"column":22},"end":{"line":95,"column":23}},"loc":{"start":{"line":95,"column":31},"end":{"line":95,"column":37}},"line":95},"9":{"name":"(anonymous_9)","decl":{"start":{"line":99,"column":4},"end":{"line":99,"column":5}},"loc":{"start":{"line":99,"column":44},"end":{"line":107,"column":5}},"line":99},"10":{"name":"(anonymous_10)","decl":{"start":{"line":111,"column":38},"end":{"line":111,"column":39}},"loc":{"start":{"line":111,"column":44},"end":{"line":121,"column":3}},"line":111},"11":{"name":"(anonymous_11)","decl":{"start":{"line":113,"column":14},"end":{"line":113,"column":15}},"loc":{"start":{"line":113,"column":28},"end":{"line":113,"column":37}},"line":113},"12":{"name":"(anonymous_12)","decl":{"start":{"line":114,"column":11},"end":{"line":114,"column":12}},"loc":{"start":{"line":114,"column":36},"end":{"line":120,"column":7}},"line":114},"13":{"name":"(anonymous_13)","decl":{"start":{"line":123,"column":40},"end":{"line":123,"column":41}},"loc":{"start":{"line":123,"column":46},"end":{"line":133,"column":3}},"line":123},"14":{"name":"(anonymous_14)","decl":{"start":{"line":125,"column":14},"end":{"line":125,"column":15}},"loc":{"start":{"line":125,"column":28},"end":{"line":125,"column":38}},"line":125},"15":{"name":"(anonymous_15)","decl":{"start":{"line":126,"column":11},"end":{"line":126,"column":12}},"loc":{"start":{"line":126,"column":36},"end":{"line":132,"column":7}},"line":126},"16":{"name":"(anonymous_16)","decl":{"start":{"line":135,"column":39},"end":{"line":135,"column":40}},"loc":{"start":{"line":135,"column":57},"end":{"line":137,"column":3}},"line":135},"17":{"name":"(anonymous_17)","decl":{"start":{"line":139,"column":46},"end":{"line":139,"column":47}},"loc":{"start":{"line":139,"column":58},"end":{"line":165,"column":3}},"line":139},"18":{"name":"(anonymous_18)","decl":{"start":{"line":152,"column":8},"end":{"line":152,"column":9}},"loc":{"start":{"line":152,"column":20},"end":{"line":152,"column":52}},"line":152},"19":{"name":"(anonymous_19)","decl":{"start":{"line":185,"column":26},"end":{"line":185,"column":27}},"loc":{"start":{"line":185,"column":38},"end":{"line":185,"column":49}},"line":185},"20":{"name":"(anonymous_20)","decl":{"start":{"line":186,"column":24},"end":{"line":186,"column":25}},"loc":{"start":{"line":187,"column":14},"end":{"line":195,"column":34}},"line":187},"21":{"name":"(anonymous_21)","decl":{"start":{"line":188,"column":25},"end":{"line":188,"column":26}},"loc":{"start":{"line":188,"column":31},"end":{"line":188,"column":64}},"line":188},"22":{"name":"(anonymous_22)","decl":{"start":{"line":235,"column":39},"end":{"line":235,"column":40}},"loc":{"start":{"line":236,"column":16},"end":{"line":249,"column":23}},"line":236},"23":{"name":"(anonymous_23)","decl":{"start":{"line":241,"column":27},"end":{"line":241,"column":28}},"loc":{"start":{"line":241,"column":33},"end":{"line":241,"column":55}},"line":241},"24":{"name":"(anonymous_24)","decl":{"start":{"line":259,"column":16},"end":{"line":259,"column":17}},"loc":{"start":{"line":260,"column":18},"end":{"line":273,"column":25}},"line":260},"25":{"name":"(anonymous_25)","decl":{"start":{"line":265,"column":29},"end":{"line":265,"column":30}},"loc":{"start":{"line":265,"column":35},"end":{"line":265,"column":57}},"line":265}},"branchMap":{"0":{"loc":{"start":{"line":100,"column":6},"end":{"line":102,"column":7}},"type":"if","locations":[{"start":{"line":100,"column":6},"end":{"line":102,"column":7}},{"start":{"line":100,"column":6},"end":{"line":102,"column":7}}],"line":100},"1":{"loc":{"start":{"line":104,"column":6},"end":{"line":106,"column":7}},"type":"if","locations":[{"start":{"line":104,"column":6},"end":{"line":106,"column":7}},{"start":{"line":104,"column":6},"end":{"line":106,"column":7}}],"line":104},"2":{"loc":{"start":{"line":205,"column":15},"end":{"line":205,"column":75}},"type":"cond-expr","locations":[{"start":{"line":205,"column":32},"end":{"line":205,"column":52}},{"start":{"line":205,"column":55},"end":{"line":205,"column":75}}],"line":205},"3":{"loc":{"start":{"line":209,"column":11},"end":{"line":225,"column":14}},"type":"binary-expr","locations":[{"start":{"line":209,"column":11},"end":{"line":209,"column":25}},{"start":{"line":210,"column":13},"end":{"line":225,"column":13}}],"line":209},"4":{"loc":{"start":{"line":210,"column":13},"end":{"line":225,"column":13}},"type":"cond-expr","locations":[{"start":{"line":211,"column":14},"end":{"line":217,"column":16}},{"start":{"line":219,"column":14},"end":{"line":224,"column":16}}],"line":210}},"s":{"0":0,"1":0,"2":0,"3":0,"4":0,"5":0,"6":0,"7":0,"8":0,"9":0,"10":0,"11":0,"12":0,"13":0,"14":0,"15":0,"16":0,"17":0,"18":0,"19":0,"20":0,"21":0,"22":0,"23":0,"24":0,"25":0,"26":0,"27":0,"28":0,"29":0,"30":0,"31":0,"32":0,"33":0,"34":0,"35":0,"36":0,"37":0,"38":0,"39":0,"40":0,"41":0,"42":0,"43":0,"44":0,"45":0,"46":0,"47":0,"48":0,"49":0,"50":0,"51":0,"52":0,"53":0,"54":0,"55":0,"56":0},"f":{"0":0,"1":0,"2":0,"3":0,"4":0,"5":0,"6":0,"7":0,"8":0,"9":0,"10":0,"11":0,"12":0,"13":0,"14":0,"15":0,"16":0,"17":0,"18":0,"19":0,"20":0,"21":0,"22":0,"23":0,"24":0,"25":0},"b":{"0":[0,0],"1":[0,0],"2":[0,0],"3":[0,0],"4":[0,0]}}
,"/Users/luiz/Documents/applications/estudos/gostack/gobarber/mobile/appgobarber/src/pages/Dashboard/index.tsx": {"path":"/Users/luiz/Documents/applications/estudos/gostack/gobarber/mobile/appgobarber/src/pages/Dashboard/index.tsx","statementMap":{"0":{"start":{"line":31,"column":28},"end":{"line":98,"column":1}},"1":{"start":{"line":32,"column":36},"end":{"line":32,"column":60}},"2":{"start":{"line":34,"column":19},"end":{"line":34,"column":28}},"3":{"start":{"line":35,"column":23},"end":{"line":35,"column":38}},"4":{"start":{"line":37,"column":2},"end":{"line":41,"column":9}},"5":{"start":{"line":38,"column":4},"end":{"line":40,"column":7}},"6":{"start":{"line":39,"column":6},"end":{"line":39,"column":34}},"7":{"start":{"line":43,"column":28},"end":{"line":45,"column":16}},"8":{"start":{"line":44,"column":4},"end":{"line":44,"column":24}},"9":{"start":{"line":47,"column":38},"end":{"line":52,"column":3}},"10":{"start":{"line":49,"column":6},"end":{"line":49,"column":53}},"11":{"start":{"line":54,"column":2},"end":{"line":97,"column":4}},"12":{"start":{"line":70,"column":34},"end":{"line":70,"column":45}},"13":{"start":{"line":75,"column":10},"end":{"line":93,"column":30}},"14":{"start":{"line":76,"column":27},"end":{"line":76,"column":67}}},"fnMap":{"0":{"name":"(anonymous_0)","decl":{"start":{"line":31,"column":28},"end":{"line":31,"column":29}},"loc":{"start":{"line":31,"column":34},"end":{"line":98,"column":1}},"line":31},"1":{"name":"(anonymous_1)","decl":{"start":{"line":37,"column":12},"end":{"line":37,"column":13}},"loc":{"start":{"line":37,"column":18},"end":{"line":41,"column":3}},"line":37},"2":{"name":"(anonymous_2)","decl":{"start":{"line":38,"column":30},"end":{"line":38,"column":31}},"loc":{"start":{"line":38,"column":42},"end":{"line":40,"column":5}},"line":38},"3":{"name":"(anonymous_3)","decl":{"start":{"line":43,"column":40},"end":{"line":43,"column":41}},"loc":{"start":{"line":43,"column":46},"end":{"line":45,"column":3}},"line":43},"4":{"name":"(anonymous_4)","decl":{"start":{"line":48,"column":4},"end":{"line":48,"column":5}},"loc":{"start":{"line":48,"column":29},"end":{"line":50,"column":5}},"line":48},"5":{"name":"(anonymous_5)","decl":{"start":{"line":70,"column":22},"end":{"line":70,"column":23}},"loc":{"start":{"line":70,"column":34},"end":{"line":70,"column":45}},"line":70},"6":{"name":"(anonymous_6)","decl":{"start":{"line":74,"column":20},"end":{"line":74,"column":21}},"loc":{"start":{"line":75,"column":10},"end":{"line":93,"column":30}},"line":75},"7":{"name":"(anonymous_7)","decl":{"start":{"line":76,"column":21},"end":{"line":76,"column":22}},"loc":{"start":{"line":76,"column":27},"end":{"line":76,"column":67}},"line":76}},"branchMap":{},"s":{"0":0,"1":0,"2":0,"3":0,"4":0,"5":0,"6":0,"7":0,"8":0,"9":0,"10":0,"11":0,"12":0,"13":0,"14":0},"f":{"0":0,"1":0,"2":0,"3":0,"4":0,"5":0,"6":0,"7":0},"b":{}}
,"/Users/luiz/Documents/applications/estudos/gostack/gobarber/mobile/appgobarber/src/pages/Profile/index.tsx": {"path":"/Users/luiz/Documents/applications/estudos/gostack/gobarber/mobile/appgobarber/src/pages/Profile/index.tsx","statementMap":{"0":{"start":{"line":42,"column":25},"end":{"line":284,"column":1}},"1":{"start":{"line":43,"column":40},"end":{"line":43,"column":49}},"2":{"start":{"line":45,"column":18},"end":{"line":45,"column":43}},"3":{"start":{"line":46,"column":21},"end":{"line":46,"column":36}},"4":{"start":{"line":48,"column":24},"end":{"line":48,"column":47}},"5":{"start":{"line":49,"column":30},"end":{"line":49,"column":53}},"6":{"start":{"line":50,"column":27},"end":{"line":50,"column":50}},"7":{"start":{"line":51,"column":39},"end":{"line":51,"column":62}},"8":{"start":{"line":53,"column":24},"end":{"line":55,"column":15}},"9":{"start":{"line":54,"column":4},"end":{"line":54,"column":14}},"10":{"start":{"line":57,"column":23},"end":{"line":59,"column":18}},"11":{"start":{"line":58,"column":4},"end":{"line":58,"column":24}},"12":{"start":{"line":61,"column":31},"end":{"line":134,"column":3}},"13":{"start":{"line":63,"column":6},"end":{"line":131,"column":7}},"14":{"start":{"line":64,"column":8},"end":{"line":64,"column":39}},"15":{"start":{"line":66,"column":23},"end":{"line":84,"column":10}},"16":{"start":{"line":73,"column":23},"end":{"line":73,"column":35}},"17":{"start":{"line":79,"column":25},"end":{"line":79,"column":37}},"18":{"start":{"line":86,"column":8},"end":{"line":88,"column":11}},"19":{"start":{"line":96,"column":12},"end":{"line":96,"column":16}},"20":{"start":{"line":98,"column":25},"end":{"line":108,"column":9}},"21":{"start":{"line":110,"column":25},"end":{"line":110,"column":59}},"22":{"start":{"line":112,"column":8},"end":{"line":112,"column":34}},"23":{"start":{"line":114,"column":8},"end":{"line":114,"column":54}},"24":{"start":{"line":116,"column":8},"end":{"line":116,"column":28}},"25":{"start":{"line":118,"column":8},"end":{"line":124,"column":9}},"26":{"start":{"line":119,"column":25},"end":{"line":119,"column":49}},"27":{"start":{"line":121,"column":10},"end":{"line":121,"column":45}},"28":{"start":{"line":123,"column":10},"end":{"line":123,"column":17}},"29":{"start":{"line":127,"column":8},"end":{"line":130,"column":10}},"30":{"start":{"line":136,"column":29},"end":{"line":173,"column":29}},"31":{"start":{"line":137,"column":4},"end":{"line":172,"column":6}},"32":{"start":{"line":146,"column":8},"end":{"line":148,"column":9}},"33":{"start":{"line":147,"column":10},"end":{"line":147,"column":17}},"34":{"start":{"line":150,"column":8},"end":{"line":154,"column":9}},"35":{"start":{"line":151,"column":10},"end":{"line":151,"column":55}},"36":{"start":{"line":152,"column":10},"end":{"line":152,"column":38}},"37":{"start":{"line":153,"column":10},"end":{"line":153,"column":17}},"38":{"start":{"line":156,"column":21},"end":{"line":156,"column":35}},"39":{"start":{"line":158,"column":25},"end":{"line":158,"column":52}},"40":{"start":{"line":160,"column":8},"end":{"line":160,"column":33}},"41":{"start":{"line":175,"column":2},"end":{"line":283,"column":4}},"42":{"start":{"line":216,"column":18},"end":{"line":216,"column":49}},"43":{"start":{"line":229,"column":18},"end":{"line":229,"column":55}},"44":{"start":{"line":242,"column":18},"end":{"line":242,"column":52}},"45":{"start":{"line":254,"column":18},"end":{"line":254,"column":64}},"46":{"start":{"line":266,"column":18},"end":{"line":266,"column":48}},"47":{"start":{"line":272,"column":18},"end":{"line":272,"column":48}}},"fnMap":{"0":{"name":"(anonymous_0)","decl":{"start":{"line":42,"column":25},"end":{"line":42,"column":26}},"loc":{"start":{"line":42,"column":31},"end":{"line":284,"column":1}},"line":42},"1":{"name":"(anonymous_1)","decl":{"start":{"line":53,"column":36},"end":{"line":53,"column":37}},"loc":{"start":{"line":53,"column":42},"end":{"line":55,"column":3}},"line":53},"2":{"name":"(anonymous_2)","decl":{"start":{"line":57,"column":35},"end":{"line":57,"column":36}},"loc":{"start":{"line":57,"column":41},"end":{"line":59,"column":3}},"line":57},"3":{"name":"(anonymous_3)","decl":{"start":{"line":62,"column":4},"end":{"line":62,"column":5}},"loc":{"start":{"line":62,"column":37},"end":{"line":132,"column":5}},"line":62},"4":{"name":"(anonymous_4)","decl":{"start":{"line":73,"column":16},"end":{"line":73,"column":17}},"loc":{"start":{"line":73,"column":23},"end":{"line":73,"column":35}},"line":73},"5":{"name":"(anonymous_5)","decl":{"start":{"line":79,"column":18},"end":{"line":79,"column":19}},"loc":{"start":{"line":79,"column":25},"end":{"line":79,"column":37}},"line":79},"6":{"name":"(anonymous_6)","decl":{"start":{"line":136,"column":41},"end":{"line":136,"column":42}},"loc":{"start":{"line":136,"column":47},"end":{"line":173,"column":3}},"line":136},"7":{"name":"(anonymous_7)","decl":{"start":{"line":145,"column":6},"end":{"line":145,"column":7}},"loc":{"start":{"line":145,"column":18},"end":{"line":171,"column":7}},"line":145},"8":{"name":"(anonymous_8)","decl":{"start":{"line":215,"column":33},"end":{"line":215,"column":34}},"loc":{"start":{"line":215,"column":39},"end":{"line":217,"column":17}},"line":215},"9":{"name":"(anonymous_9)","decl":{"start":{"line":228,"column":33},"end":{"line":228,"column":34}},"loc":{"start":{"line":228,"column":39},"end":{"line":230,"column":17}},"line":228},"10":{"name":"(anonymous_10)","decl":{"start":{"line":241,"column":33},"end":{"line":241,"column":34}},"loc":{"start":{"line":241,"column":39},"end":{"line":243,"column":17}},"line":241},"11":{"name":"(anonymous_11)","decl":{"start":{"line":253,"column":33},"end":{"line":253,"column":34}},"loc":{"start":{"line":253,"column":39},"end":{"line":255,"column":17}},"line":253},"12":{"name":"(anonymous_12)","decl":{"start":{"line":265,"column":33},"end":{"line":265,"column":34}},"loc":{"start":{"line":265,"column":39},"end":{"line":267,"column":17}},"line":265},"13":{"name":"(anonymous_13)","decl":{"start":{"line":271,"column":25},"end":{"line":271,"column":26}},"loc":{"start":{"line":271,"column":31},"end":{"line":273,"column":17}},"line":271}},"branchMap":{"0":{"loc":{"start":{"line":101,"column":14},"end":{"line":107,"column":16}},"type":"cond-expr","locations":[{"start":{"line":102,"column":14},"end":{"line":106,"column":15}},{"start":{"line":107,"column":14},"end":{"line":107,"column":16}}],"line":101},"1":{"loc":{"start":{"line":118,"column":8},"end":{"line":124,"column":9}},"type":"if","locations":[{"start":{"line":118,"column":8},"end":{"line":124,"column":9}},{"start":{"line":118,"column":8},"end":{"line":124,"column":9}}],"line":118},"2":{"loc":{"start":{"line":146,"column":8},"end":{"line":148,"column":9}},"type":"if","locations":[{"start":{"line":146,"column":8},"end":{"line":148,"column":9}},{"start":{"line":146,"column":8},"end":{"line":148,"column":9}}],"line":146},"3":{"loc":{"start":{"line":150,"column":8},"end":{"line":154,"column":9}},"type":"if","locations":[{"start":{"line":150,"column":8},"end":{"line":154,"column":9}},{"start":{"line":150,"column":8},"end":{"line":154,"column":9}}],"line":150},"4":{"loc":{"start":{"line":178,"column":16},"end":{"line":178,"column":61}},"type":"cond-expr","locations":[{"start":{"line":178,"column":40},"end":{"line":178,"column":49}},{"start":{"line":178,"column":52},"end":{"line":178,"column":61}}],"line":178}},"s":{"0":0,"1":0,"2":0,"3":0,"4":0,"5":0,"6":0,"7":0,"8":0,"9":0,"10":0,"11":0,"12":0,"13":0,"14":0,"15":0,"16":0,"17":0,"18":0,"19":0,"20":0,"21":0,"22":0,"23":0,"24":0,"25":0,"26":0,"27":0,"28":0,"29":0,"30":0,"31":0,"32":0,"33":0,"34":0,"35":0,"36":0,"37":0,"38":0,"39":0,"40":0,"41":0,"42":0,"43":0,"44":0,"45":0,"46":0,"47":0},"f":{"0":0,"1":0,"2":0,"3":0,"4":0,"5":0,"6":0,"7":0,"8":0,"9":0,"10":0,"11":0,"12":0,"13":0},"b":{"0":[0,0],"1":[0,0],"2":[0,0],"3":[0,0],"4":[0,0]}}
,"/Users/luiz/Documents/applications/estudos/gostack/gobarber/mobile/appgobarber/src/pages/SignIn/index.tsx": {"path":"/Users/luiz/Documents/applications/estudos/gostack/gobarber/mobile/appgobarber/src/pages/SignIn/index.tsx","statementMap":{"0":{"start":{"line":42,"column":25},"end":{"line":159,"column":1}},"1":{"start":{"line":43,"column":18},"end":{"line":43,"column":43}},"2":{"start":{"line":44,"column":27},"end":{"line":44,"column":50}},"3":{"start":{"line":46,"column":21},"end":{"line":46,"column":36}},"4":{"start":{"line":48,"column":21},"end":{"line":48,"column":30}},"5":{"start":{"line":50,"column":23},"end":{"line":86,"column":3}},"6":{"start":{"line":52,"column":6},"end":{"line":83,"column":7}},"7":{"start":{"line":53,"column":8},"end":{"line":53,"column":39}},"8":{"start":{"line":55,"column":23},"end":{"line":60,"column":10}},"9":{"start":{"line":62,"column":8},"end":{"line":64,"column":11}},"10":{"start":{"line":66,"column":8},"end":{"line":69,"column":11}},"11":{"start":{"line":71,"column":8},"end":{"line":77,"column":9}},"12":{"start":{"line":72,"column":25},"end":{"line":72,"column":49}},"13":{"start":{"line":74,"column":10},"end":{"line":74,"column":45}},"14":{"start":{"line":76,"column":10},"end":{"line":76,"column":17}},"15":{"start":{"line":79,"column":8},"end":{"line":82,"column":10}},"16":{"start":{"line":88,"column":2},"end":{"line":158,"column":4}},"17":{"start":{"line":116,"column":20},"end":{"line":116,"column":54}},"18":{"start":{"line":128,"column":20},"end":{"line":128,"column":50}},"19":{"start":{"line":134,"column":20},"end":{"line":134,"column":50}},"20":{"start":{"line":143,"column":18},"end":{"line":143,"column":37}},"21":{"start":{"line":150,"column":48},"end":{"line":150,"column":77}}},"fnMap":{"0":{"name":"(anonymous_0)","decl":{"start":{"line":42,"column":25},"end":{"line":42,"column":26}},"loc":{"start":{"line":42,"column":31},"end":{"line":159,"column":1}},"line":42},"1":{"name":"(anonymous_1)","decl":{"start":{"line":51,"column":4},"end":{"line":51,"column":5}},"loc":{"start":{"line":51,"column":36},"end":{"line":84,"column":5}},"line":51},"2":{"name":"(anonymous_2)","decl":{"start":{"line":115,"column":35},"end":{"line":115,"column":36}},"loc":{"start":{"line":115,"column":41},"end":{"line":117,"column":19}},"line":115},"3":{"name":"(anonymous_3)","decl":{"start":{"line":127,"column":35},"end":{"line":127,"column":36}},"loc":{"start":{"line":127,"column":41},"end":{"line":129,"column":19}},"line":127},"4":{"name":"(anonymous_4)","decl":{"start":{"line":133,"column":27},"end":{"line":133,"column":28}},"loc":{"start":{"line":133,"column":33},"end":{"line":135,"column":19}},"line":133},"5":{"name":"(anonymous_5)","decl":{"start":{"line":142,"column":25},"end":{"line":142,"column":26}},"loc":{"start":{"line":142,"column":31},"end":{"line":144,"column":17}},"line":142},"6":{"name":"(anonymous_6)","decl":{"start":{"line":150,"column":42},"end":{"line":150,"column":43}},"loc":{"start":{"line":150,"column":48},"end":{"line":150,"column":77}},"line":150}},"branchMap":{"0":{"loc":{"start":{"line":71,"column":8},"end":{"line":77,"column":9}},"type":"if","locations":[{"start":{"line":71,"column":8},"end":{"line":77,"column":9}},{"start":{"line":71,"column":8},"end":{"line":77,"column":9}}],"line":71},"1":{"loc":{"start":{"line":92,"column":18},"end":{"line":92,"column":63}},"type":"cond-expr","locations":[{"start":{"line":92,"column":42},"end":{"line":92,"column":51}},{"start":{"line":92,"column":54},"end":{"line":92,"column":63}}],"line":92}},"s":{"0":1,"1":1,"2":1,"3":1,"4":1,"5":1,"6":0,"7":0,"8":0,"9":0,"10":0,"11":0,"12":0,"13":0,"14":0,"15":0,"16":1,"17":0,"18":0,"19":0,"20":0,"21":0},"f":{"0":1,"1":0,"2":0,"3":0,"4":0,"5":0,"6":0},"b":{"0":[0,0],"1":[1,0]},"_coverageSchema":"1a1c01bbd47fc00a2c39e90264f33305004495a9","hash":"109eab025d477e8c134006130f32108a70b5195c"}
,"/Users/luiz/Documents/applications/estudos/gostack/gobarber/mobile/appgobarber/src/pages/SignUp/index.tsx": {"path":"/Users/luiz/Documents/applications/estudos/gostack/gobarber/mobile/appgobarber/src/pages/SignUp/index.tsx","statementMap":{"0":{"start":{"line":34,"column":25},"end":{"line":158,"column":1}},"1":{"start":{"line":35,"column":18},"end":{"line":35,"column":43}},"2":{"start":{"line":36,"column":21},"end":{"line":36,"column":36}},"3":{"start":{"line":38,"column":24},"end":{"line":38,"column":47}},"4":{"start":{"line":39,"column":27},"end":{"line":39,"column":50}},"5":{"start":{"line":41,"column":23},"end":{"line":83,"column":3}},"6":{"start":{"line":43,"column":6},"end":{"line":80,"column":7}},"7":{"start":{"line":44,"column":8},"end":{"line":44,"column":39}},"8":{"start":{"line":46,"column":23},"end":{"line":52,"column":10}},"9":{"start":{"line":54,"column":8},"end":{"line":56,"column":11}},"10":{"start":{"line":58,"column":8},"end":{"line":58,"column":39}},"11":{"start":{"line":60,"column":8},"end":{"line":63,"column":10}},"12":{"start":{"line":65,"column":8},"end":{"line":65,"column":28}},"13":{"start":{"line":67,"column":8},"end":{"line":73,"column":9}},"14":{"start":{"line":68,"column":25},"end":{"line":68,"column":49}},"15":{"start":{"line":70,"column":10},"end":{"line":70,"column":45}},"16":{"start":{"line":72,"column":10},"end":{"line":72,"column":17}},"17":{"start":{"line":76,"column":8},"end":{"line":79,"column":10}},"18":{"start":{"line":85,"column":2},"end":{"line":157,"column":4}},"19":{"start":{"line":111,"column":20},"end":{"line":111,"column":51}},"20":{"start":{"line":124,"column":20},"end":{"line":124,"column":54}},"21":{"start":{"line":136,"column":20},"end":{"line":136,"column":50}},"22":{"start":{"line":142,"column":20},"end":{"line":142,"column":50}},"23":{"start":{"line":149,"column":41},"end":{"line":149,"column":60}}},"fnMap":{"0":{"name":"(anonymous_0)","decl":{"start":{"line":34,"column":25},"end":{"line":34,"column":26}},"loc":{"start":{"line":34,"column":31},"end":{"line":158,"column":1}},"line":34},"1":{"name":"(anonymous_1)","decl":{"start":{"line":42,"column":4},"end":{"line":42,"column":5}},"loc":{"start":{"line":42,"column":36},"end":{"line":81,"column":5}},"line":42},"2":{"name":"(anonymous_2)","decl":{"start":{"line":110,"column":35},"end":{"line":110,"column":36}},"loc":{"start":{"line":110,"column":41},"end":{"line":112,"column":19}},"line":110},"3":{"name":"(anonymous_3)","decl":{"start":{"line":123,"column":35},"end":{"line":123,"column":36}},"loc":{"start":{"line":123,"column":41},"end":{"line":125,"column":19}},"line":123},"4":{"name":"(anonymous_4)","decl":{"start":{"line":135,"column":35},"end":{"line":135,"column":36}},"loc":{"start":{"line":135,"column":41},"end":{"line":137,"column":19}},"line":135},"5":{"name":"(anonymous_5)","decl":{"start":{"line":141,"column":27},"end":{"line":141,"column":28}},"loc":{"start":{"line":141,"column":33},"end":{"line":143,"column":19}},"line":141},"6":{"name":"(anonymous_6)","decl":{"start":{"line":149,"column":35},"end":{"line":149,"column":36}},"loc":{"start":{"line":149,"column":41},"end":{"line":149,"column":60}},"line":149}},"branchMap":{"0":{"loc":{"start":{"line":67,"column":8},"end":{"line":73,"column":9}},"type":"if","locations":[{"start":{"line":67,"column":8},"end":{"line":73,"column":9}},{"start":{"line":67,"column":8},"end":{"line":73,"column":9}}],"line":67},"1":{"loc":{"start":{"line":89,"column":18},"end":{"line":89,"column":63}},"type":"cond-expr","locations":[{"start":{"line":89,"column":42},"end":{"line":89,"column":51}},{"start":{"line":89,"column":54},"end":{"line":89,"column":63}}],"line":89}},"s":{"0":0,"1":0,"2":0,"3":0,"4":0,"5":0,"6":0,"7":0,"8":0,"9":0,"10":0,"11":0,"12":0,"13":0,"14":0,"15":0,"16":0,"17":0,"18":0,"19":0,"20":0,"21":0,"22":0,"23":0},"f":{"0":0,"1":0,"2":0,"3":0,"4":0,"5":0,"6":0},"b":{"0":[0,0],"1":[0,0]}}
}
